2024-10-30 02:09:37,397 - INFO - Starting image processing.
2024-10-30 02:09:37,397 - DEBUG - Processing image: jacket(1).jpg
2024-10-30 02:09:37,415 - DEBUG - Created background image with color #00F and dimensions 100x500
2024-10-30 02:09:37,443 - DEBUG - Resized image with padding. New dimensions: 375x500
2024-10-30 02:09:37,443 - DEBUG - Pasted image onto background at offset (-138, 0)
2024-10-30 02:09:37,457 - DEBUG - Image saved to E:/mini-python-utils-app/bulk-image-edit/output\jacket(1).jpg with format None and quality default
2024-10-30 02:09:37,458 - DEBUG - Processing image: jacket(2).jpg
2024-10-30 02:09:37,458 - DEBUG - Created background image with color #00F and dimensions 100x500
2024-10-30 02:09:37,491 - DEBUG - Resized image with padding. New dimensions: 375x500
2024-10-30 02:09:37,491 - DEBUG - Pasted image onto background at offset (-138, 0)
2024-10-30 02:09:37,491 - DEBUG - Image saved to E:/mini-python-utils-app/bulk-image-edit/output\jacket(2).jpg with format None and quality default
2024-10-30 02:09:37,492 - DEBUG - Processing image: jacket(3).jpg
2024-10-30 02:09:37,493 - DEBUG - Created background image with color #00F and dimensions 100x500
2024-10-30 02:09:37,524 - DEBUG - Resized image with padding. New dimensions: 375x500
2024-10-30 02:09:37,525 - DEBUG - Pasted image onto background at offset (-138, 0)
2024-10-30 02:09:37,526 - DEBUG - Image saved to E:/mini-python-utils-app/bulk-image-edit/output\jacket(3).jpg with format None and quality default
2024-10-30 02:09:37,526 - DEBUG - Processing image: jacket.jpg
2024-10-30 02:09:37,527 - DEBUG - Created background image with color #00F and dimensions 100x500
2024-10-30 02:09:37,560 - DEBUG - Resized image with padding. New dimensions: 375x500
2024-10-30 02:09:37,560 - DEBUG - Pasted image onto background at offset (-138, 0)
2024-10-30 02:09:37,562 - DEBUG - Image saved to E:/mini-python-utils-app/bulk-image-edit/output\jacket.jpg with format None and quality default
2024-10-30 02:09:37,562 - INFO - Image processing completed.
2024-10-30 02:10:52,243 - INFO - Starting image processing.
2024-10-30 02:10:52,245 - DEBUG - Processing image: jacket(1).jpg
2024-10-30 02:10:52,246 - DEBUG - Created background image with color #00F and dimensions 500x500
2024-10-30 02:10:52,275 - DEBUG - Resized image with padding. New dimensions: 375x500
2024-10-30 02:10:52,275 - DEBUG - Pasted image onto background at offset (62, 0)
2024-10-30 02:10:52,276 - DEBUG - Image saved to E:/mini-python-utils-app/bulk-image-edit/output\jacket(1).jpg with format None and quality default
2024-10-30 02:10:52,277 - DEBUG - Processing image: jacket(2).jpg
2024-10-30 02:10:52,278 - DEBUG - Created background image with color #00F and dimensions 500x500
2024-10-30 02:10:52,310 - DEBUG - Resized image with padding. New dimensions: 375x500
2024-10-30 02:10:52,311 - DEBUG - Pasted image onto background at offset (62, 0)
2024-10-30 02:10:52,312 - DEBUG - Image saved to E:/mini-python-utils-app/bulk-image-edit/output\jacket(2).jpg with format None and quality default
2024-10-30 02:10:52,312 - DEBUG - Processing image: jacket(3).jpg
2024-10-30 02:10:52,313 - DEBUG - Created background image with color #00F and dimensions 500x500
2024-10-30 02:10:52,345 - DEBUG - Resized image with padding. New dimensions: 375x500
2024-10-30 02:10:52,346 - DEBUG - Pasted image onto background at offset (62, 0)
2024-10-30 02:10:52,347 - DEBUG - Image saved to E:/mini-python-utils-app/bulk-image-edit/output\jacket(3).jpg with format None and quality default
2024-10-30 02:10:52,347 - DEBUG - Processing image: jacket.jpg
2024-10-30 02:10:52,348 - DEBUG - Created background image with color #00F and dimensions 500x500
2024-10-30 02:10:52,382 - DEBUG - Resized image with padding. New dimensions: 375x500
2024-10-30 02:10:52,383 - DEBUG - Pasted image onto background at offset (62, 0)
2024-10-30 02:10:52,384 - DEBUG - Image saved to E:/mini-python-utils-app/bulk-image-edit/output\jacket.jpg with format None and quality default
2024-10-30 02:10:52,385 - INFO - Image processing completed.
2024-10-30 02:11:12,337 - INFO - Starting image processing.
2024-10-30 02:11:12,337 - DEBUG - Processing image: jacket(1).jpg
2024-10-30 02:11:12,338 - DEBUG - Created background image with color #00F and dimensions 500x500
2024-10-30 02:11:12,369 - DEBUG - Resized image with padding. New dimensions: 375x500
2024-10-30 02:11:12,370 - DEBUG - Pasted image onto background at offset (62, 0)
2024-10-30 02:11:12,587 - DEBUG - Image saved to E:/mini-python-utils-app/bulk-image-edit/output\jacket(1).webp with format WEBP and quality default
2024-10-30 02:11:12,588 - DEBUG - Processing image: jacket(2).jpg
2024-10-30 02:11:12,589 - DEBUG - Created background image with color #00F and dimensions 500x500
2024-10-30 02:11:12,621 - DEBUG - Resized image with padding. New dimensions: 375x500
2024-10-30 02:11:12,621 - DEBUG - Pasted image onto background at offset (62, 0)
2024-10-30 02:11:12,669 - DEBUG - Image saved to E:/mini-python-utils-app/bulk-image-edit/output\jacket(2).webp with format WEBP and quality default
2024-10-30 02:11:12,669 - DEBUG - Processing image: jacket(3).jpg
2024-10-30 02:11:12,670 - DEBUG - Created background image with color #00F and dimensions 500x500
2024-10-30 02:11:12,702 - DEBUG - Resized image with padding. New dimensions: 375x500
2024-10-30 02:11:12,702 - DEBUG - Pasted image onto background at offset (62, 0)
2024-10-30 02:11:12,747 - DEBUG - Image saved to E:/mini-python-utils-app/bulk-image-edit/output\jacket(3).webp with format WEBP and quality default
2024-10-30 02:11:12,748 - DEBUG - Processing image: jacket.jpg
2024-10-30 02:11:12,748 - DEBUG - Created background image with color #00F and dimensions 500x500
2024-10-30 02:11:12,783 - DEBUG - Resized image with padding. New dimensions: 375x500
2024-10-30 02:11:12,783 - DEBUG - Pasted image onto background at offset (62, 0)
2024-10-30 02:11:12,829 - DEBUG - Image saved to E:/mini-python-utils-app/bulk-image-edit/output\jacket.webp with format WEBP and quality default
2024-10-30 02:11:12,830 - INFO - Image processing completed.
2024-10-30 02:11:49,662 - INFO - Starting image processing.
2024-10-30 02:11:49,663 - DEBUG - Processing image: jacket(1).jpg
2024-10-30 02:11:49,664 - DEBUG - Created background image with color #00F and dimensions 500x500
2024-10-30 02:11:49,695 - DEBUG - Resized image with padding. New dimensions: 360x480
2024-10-30 02:11:49,695 - DEBUG - Pasted image onto background at offset (70, 10)
2024-10-30 02:11:49,730 - DEBUG - Image saved to E:/mini-python-utils-app/bulk-image-edit/output\jacket(1).webp with format WEBP and quality default
2024-10-30 02:11:49,730 - DEBUG - Processing image: jacket(2).jpg
2024-10-30 02:11:49,731 - DEBUG - Created background image with color #00F and dimensions 500x500
2024-10-30 02:11:49,763 - DEBUG - Resized image with padding. New dimensions: 360x480
2024-10-30 02:11:49,763 - DEBUG - Pasted image onto background at offset (70, 10)
2024-10-30 02:11:49,806 - DEBUG - Image saved to E:/mini-python-utils-app/bulk-image-edit/output\jacket(2).webp with format WEBP and quality default
2024-10-30 02:11:49,807 - DEBUG - Processing image: jacket(3).jpg
2024-10-30 02:11:49,808 - DEBUG - Created background image with color #00F and dimensions 500x500
2024-10-30 02:11:49,840 - DEBUG - Resized image with padding. New dimensions: 360x480
2024-10-30 02:11:49,840 - DEBUG - Pasted image onto background at offset (70, 10)
2024-10-30 02:11:49,882 - DEBUG - Image saved to E:/mini-python-utils-app/bulk-image-edit/output\jacket(3).webp with format WEBP and quality default
2024-10-30 02:11:49,882 - DEBUG - Processing image: jacket.jpg
2024-10-30 02:11:49,883 - DEBUG - Created background image with color #00F and dimensions 500x500
2024-10-30 02:11:49,916 - DEBUG - Resized image with padding. New dimensions: 360x480
2024-10-30 02:11:49,917 - DEBUG - Pasted image onto background at offset (70, 10)
2024-10-30 02:11:49,959 - DEBUG - Image saved to E:/mini-python-utils-app/bulk-image-edit/output\jacket.webp with format WEBP and quality default
2024-10-30 02:11:49,960 - INFO - Image processing completed.
2024-10-30 02:12:08,917 - INFO - Starting image processing.
2024-10-30 02:12:08,917 - DEBUG - Processing image: jacket(1).jpg
2024-10-30 02:12:08,919 - DEBUG - Created background image with color #CCC and dimensions 500x500
2024-10-30 02:12:08,949 - DEBUG - Resized image with padding. New dimensions: 360x480
2024-10-30 02:12:08,949 - DEBUG - Pasted image onto background at offset (70, 10)
2024-10-30 02:12:08,984 - DEBUG - Image saved to E:/mini-python-utils-app/bulk-image-edit/output\jacket(1).webp with format WEBP and quality default
2024-10-30 02:12:08,985 - DEBUG - Processing image: jacket(2).jpg
2024-10-30 02:12:08,985 - DEBUG - Created background image with color #CCC and dimensions 500x500
2024-10-30 02:12:09,018 - DEBUG - Resized image with padding. New dimensions: 360x480
2024-10-30 02:12:09,019 - DEBUG - Pasted image onto background at offset (70, 10)
2024-10-30 02:12:09,061 - DEBUG - Image saved to E:/mini-python-utils-app/bulk-image-edit/output\jacket(2).webp with format WEBP and quality default
2024-10-30 02:12:09,061 - DEBUG - Processing image: jacket(3).jpg
2024-10-30 02:12:09,063 - DEBUG - Created background image with color #CCC and dimensions 500x500
2024-10-30 02:12:09,094 - DEBUG - Resized image with padding. New dimensions: 360x480
2024-10-30 02:12:09,094 - DEBUG - Pasted image onto background at offset (70, 10)
2024-10-30 02:12:09,135 - DEBUG - Image saved to E:/mini-python-utils-app/bulk-image-edit/output\jacket(3).webp with format WEBP and quality default
2024-10-30 02:12:09,136 - DEBUG - Processing image: jacket.jpg
2024-10-30 02:12:09,137 - DEBUG - Created background image with color #CCC and dimensions 500x500
2024-10-30 02:12:09,170 - DEBUG - Resized image with padding. New dimensions: 360x480
2024-10-30 02:12:09,170 - DEBUG - Pasted image onto background at offset (70, 10)
2024-10-30 02:12:09,214 - DEBUG - Image saved to E:/mini-python-utils-app/bulk-image-edit/output\jacket.webp with format WEBP and quality default
2024-10-30 02:12:09,214 - INFO - Image processing completed.
2024-10-30 02:12:15,641 - INFO - Starting image processing.
2024-10-30 02:12:15,641 - DEBUG - Processing image: jacket(1).jpg
2024-10-30 02:12:15,642 - DEBUG - Created background image with color #CCC and dimensions 500x500
2024-10-30 02:12:15,673 - DEBUG - Resized image with padding. New dimensions: 360x480
2024-10-30 02:12:15,673 - DEBUG - Pasted image onto background at offset (70, 10)
2024-10-30 02:12:15,708 - DEBUG - Image saved to E:/mini-python-utils-app/bulk-image-edit/output\jacket(1).webp with format WEBP and quality default
2024-10-30 02:12:15,708 - DEBUG - Processing image: jacket(2).jpg
2024-10-30 02:12:15,709 - DEBUG - Created background image with color #CCC and dimensions 500x500
2024-10-30 02:12:15,741 - DEBUG - Resized image with padding. New dimensions: 360x480
2024-10-30 02:12:15,741 - DEBUG - Pasted image onto background at offset (70, 10)
2024-10-30 02:12:15,783 - DEBUG - Image saved to E:/mini-python-utils-app/bulk-image-edit/output\jacket(2).webp with format WEBP and quality default
2024-10-30 02:12:15,784 - DEBUG - Processing image: jacket(3).jpg
2024-10-30 02:12:15,785 - DEBUG - Created background image with color #CCC and dimensions 500x500
2024-10-30 02:12:15,816 - DEBUG - Resized image with padding. New dimensions: 360x480
2024-10-30 02:12:15,816 - DEBUG - Pasted image onto background at offset (70, 10)
2024-10-30 02:12:15,858 - DEBUG - Image saved to E:/mini-python-utils-app/bulk-image-edit/output\jacket(3).webp with format WEBP and quality default
2024-10-30 02:12:15,859 - DEBUG - Processing image: jacket.jpg
2024-10-30 02:12:15,860 - DEBUG - Created background image with color #CCC and dimensions 500x500
2024-10-30 02:12:15,892 - DEBUG - Resized image with padding. New dimensions: 360x480
2024-10-30 02:12:15,892 - DEBUG - Pasted image onto background at offset (70, 10)
2024-10-30 02:12:15,936 - DEBUG - Image saved to E:/mini-python-utils-app/bulk-image-edit/output\jacket.webp with format WEBP and quality default
2024-10-30 02:12:15,937 - INFO - Image processing completed.
2024-10-30 02:12:28,164 - INFO - Starting image processing.
2024-10-30 02:12:28,165 - DEBUG - Processing image: jacket(1).jpg
2024-10-30 02:12:28,171 - DEBUG - Created background image with color #CCC and dimensions 1889x1889
2024-10-30 02:12:28,248 - DEBUG - Resized image with padding. New dimensions: 1401x1869
2024-10-30 02:12:28,251 - DEBUG - Pasted image onto background at offset (244, 10)
2024-10-30 02:12:28,701 - DEBUG - Image saved to E:/mini-python-utils-app/bulk-image-edit/output\jacket(1).webp with format WEBP and quality default
2024-10-30 02:12:28,703 - DEBUG - Processing image: jacket(2).jpg
2024-10-30 02:12:28,709 - DEBUG - Created background image with color #CCC and dimensions 1889x1889
2024-10-30 02:12:28,769 - DEBUG - Resized image with padding. New dimensions: 1401x1869
2024-10-30 02:12:28,772 - DEBUG - Pasted image onto background at offset (244, 10)
2024-10-30 02:12:29,276 - DEBUG - Image saved to E:/mini-python-utils-app/bulk-image-edit/output\jacket(2).webp with format WEBP and quality default
2024-10-30 02:12:29,278 - DEBUG - Processing image: jacket(3).jpg
2024-10-30 02:12:29,284 - DEBUG - Created background image with color #CCC and dimensions 1889x1889
2024-10-30 02:12:29,346 - DEBUG - Resized image with padding. New dimensions: 1401x1869
2024-10-30 02:12:29,350 - DEBUG - Pasted image onto background at offset (244, 10)
2024-10-30 02:12:29,855 - DEBUG - Image saved to E:/mini-python-utils-app/bulk-image-edit/output\jacket(3).webp with format WEBP and quality default
2024-10-30 02:12:29,858 - DEBUG - Processing image: jacket.jpg
2024-10-30 02:12:29,864 - DEBUG - Created background image with color #CCC and dimensions 1889x1889
2024-10-30 02:12:29,928 - DEBUG - Resized image with padding. New dimensions: 1401x1869
2024-10-30 02:12:29,932 - DEBUG - Pasted image onto background at offset (244, 10)
2024-10-30 02:12:30,472 - DEBUG - Image saved to E:/mini-python-utils-app/bulk-image-edit/output\jacket.webp with format WEBP and quality default
2024-10-30 02:12:30,475 - INFO - Image processing completed.
2024-10-30 02:12:44,173 - INFO - Starting image processing.
2024-10-30 02:12:44,173 - DEBUG - Processing image: jacket(1).jpg
2024-10-30 02:12:44,174 - DEBUG - Created background image with color #CCC and dimensions 200x200
2024-10-30 02:12:44,200 - DEBUG - Resized image with padding. New dimensions: 135x180
2024-10-30 02:12:44,200 - DEBUG - Pasted image onto background at offset (32, 10)
2024-10-30 02:12:44,207 - DEBUG - Image saved to E:/mini-python-utils-app/bulk-image-edit/output\jacket(1).webp with format WEBP and quality default
2024-10-30 02:12:44,208 - DEBUG - Processing image: jacket(2).jpg
2024-10-30 02:12:44,208 - DEBUG - Created background image with color #CCC and dimensions 200x200
2024-10-30 02:12:44,236 - DEBUG - Resized image with padding. New dimensions: 135x180
2024-10-30 02:12:44,236 - DEBUG - Pasted image onto background at offset (32, 10)
2024-10-30 02:12:44,244 - DEBUG - Image saved to E:/mini-python-utils-app/bulk-image-edit/output\jacket(2).webp with format WEBP and quality default
2024-10-30 02:12:44,244 - DEBUG - Processing image: jacket(3).jpg
2024-10-30 02:12:44,245 - DEBUG - Created background image with color #CCC and dimensions 200x200
2024-10-30 02:12:44,272 - DEBUG - Resized image with padding. New dimensions: 135x180
2024-10-30 02:12:44,272 - DEBUG - Pasted image onto background at offset (32, 10)
2024-10-30 02:12:44,279 - DEBUG - Image saved to E:/mini-python-utils-app/bulk-image-edit/output\jacket(3).webp with format WEBP and quality default
2024-10-30 02:12:44,280 - DEBUG - Processing image: jacket.jpg
2024-10-30 02:12:44,280 - DEBUG - Created background image with color #CCC and dimensions 200x200
2024-10-30 02:12:44,310 - DEBUG - Resized image with padding. New dimensions: 135x180
2024-10-30 02:12:44,310 - DEBUG - Pasted image onto background at offset (32, 10)
2024-10-30 02:12:44,317 - DEBUG - Image saved to E:/mini-python-utils-app/bulk-image-edit/output\jacket.webp with format WEBP and quality default
2024-10-30 02:12:44,318 - INFO - Image processing completed.
2024-10-30 02:14:21,176 - INFO - Starting image processing.
2024-10-30 02:14:21,176 - DEBUG - Processing image: jacket(1).jpg
2024-10-30 02:14:21,270 - DEBUG - Created background image with color #CCC and dimensions 7559x7559
2024-10-30 02:14:21,720 - DEBUG - Resized image with padding. New dimensions: 5654x7539
2024-10-30 02:14:21,773 - DEBUG - Pasted image onto background at offset (952, 10)
2024-10-30 02:14:28,844 - DEBUG - Image saved to E:/mini-python-utils-app/bulk-image-edit/output\jacket(1).png with format PNG and quality default
2024-10-30 02:14:28,876 - DEBUG - Processing image: jacket(2).jpg
2024-10-30 02:14:28,980 - DEBUG - Created background image with color #CCC and dimensions 7559x7559
2024-10-30 02:14:29,421 - DEBUG - Resized image with padding. New dimensions: 5654x7539
2024-10-30 02:14:29,468 - DEBUG - Pasted image onto background at offset (952, 10)
2024-10-30 02:14:39,162 - DEBUG - Image saved to E:/mini-python-utils-app/bulk-image-edit/output\jacket(2).png with format PNG and quality default
2024-10-30 02:14:39,186 - DEBUG - Processing image: jacket(3).jpg
2024-10-30 02:14:39,289 - DEBUG - Created background image with color #CCC and dimensions 7559x7559
2024-10-30 02:14:39,721 - DEBUG - Resized image with padding. New dimensions: 5654x7539
2024-10-30 02:14:39,769 - DEBUG - Pasted image onto background at offset (952, 10)
2024-10-30 02:14:50,336 - DEBUG - Image saved to E:/mini-python-utils-app/bulk-image-edit/output\jacket(3).png with format PNG and quality default
2024-10-30 02:14:50,361 - DEBUG - Processing image: jacket.jpg
2024-10-30 02:14:50,460 - DEBUG - Created background image with color #CCC and dimensions 7559x7559
2024-10-30 02:14:50,896 - DEBUG - Resized image with padding. New dimensions: 5654x7539
2024-10-30 02:14:50,954 - DEBUG - Pasted image onto background at offset (952, 10)
